$ storybook dev -p 6006
@storybook/core v8.6.14

WARN The following packages are incompatible with Storybook 8.6.14 as they depend on different major versions of Storybook packages:
WARN - @storybook/addon-a11y@8.6.15
WARN  Repo: https://github.com/storybookjs/storybook/tree/next/code/addons/a11y
WARN
WARN
WARN Please consider updating your packages or contacting the maintainers for compatibility details.
WARN For more on Storybook 8 compatibility, see the linked GitHub issue:
WARN https://github.com/storybookjs/storybook/issues/26031
info Found existing addon "@storybook/addon-backgrounds", skipping.
info Found existing addon "@storybook/addon-viewport", skipping.
info Found existing addon "@storybook/addon-backgrounds", skipping.
info Found existing addon "@storybook/addon-viewport", skipping.
info => Serving static files from ././dist at /
info => Starting manager..
info => Starting preview..
info Using tsconfig paths for react-docgen
╭─────────────────────────────────────────────────────────────────────╮
│                                                                     │
│   [38;2;162;224;94mStorybook 8.6.14 for react-vite started[39m                           │
│   3.61 s for manager and 1.05 s for preview                         │
│                                                                     │
│   Local:            http://localhost:6006/                          │
│   On your network:  http://192.168.0.2:6006/                        │
│                                                                     │
│   [38;2;243;173;56mA new version (10.2.17) is available![39m                             │
│                                                                     │
│   Upgrade now: [38;2;162;224;94mnpx storybook@latest upgrade[39m                         │
│                                                                     │
│   Read full changelog:                                              │
│   https://github.com/storybookjs/storybook/blob/main/CHANGELOG.md   │
│                                                                     │
╰─────────────────────────────────────────────────────────────────────╯
